Start testing: Oct 29 16:52 -05
----------------------------------------------------------
1/5 Testing: StackTest.StackEmpty
1/5 Test: StackTest.StackEmpty
Command: "/home/boris/Escritorio/parametrizada/build/stack_array" "--gtest_filter=StackTest.StackEmpty" "--gtest_also_run_disabled_tests"
Directory: /home/boris/Escritorio/parametrizada/build
"StackTest.StackEmpty" start time: Oct 29 16:52 -05
Output:
----------------------------------------------------------
Running main() from /home/boris/Escritorio/parametrizada/build/_deps/googletest-src/googletest/src/gtest_main.cc
Note: Google Test filter = StackTest.StackEmpty
[==========] Running 1 test from 1 test suite.
[----------] Global test environment set-up.
[----------] 1 test from StackTest
[ RUN      ] StackTest.StackEmpty
sp :0x5563408b1650 : e=0x5563408b1650
top: 0x5563408b1650 : e= 0x5563408b1650
NUm elem: 1
sp :0x5563408b1670 : e=0x5563408b1670
top: 0x5563408b1670 : e= 0x5563408b1670
NUm elem: 1
sp :0x5563408b1690 : e=0x5563408b1690
top: 0x5563408b1690 : e= 0x5563408b1690
NUm elem: 1
DELETING MY POINTERS
[       OK ] StackTest.StackEmpty (0 ms)
[----------] 1 test from StackTest (0 ms total)

[----------] Global test environment tear-down
[==========] 1 test from 1 test suite ran. (0 ms total)
[  PASSED  ] 1 test.
<end of output>
Test time =   0.01 sec
----------------------------------------------------------
Test Passed.
"StackTest.StackEmpty" end time: Oct 29 16:52 -05
"StackTest.StackEmpty" time elapsed: 00:00:00
----------------------------------------------------------

2/5 Testing: StackTest.StackSize
2/5 Test: StackTest.StackSize
Command: "/home/boris/Escritorio/parametrizada/build/stack_array" "--gtest_filter=StackTest.StackSize" "--gtest_also_run_disabled_tests"
Directory: /home/boris/Escritorio/parametrizada/build
"StackTest.StackSize" start time: Oct 29 16:52 -05
Output:
----------------------------------------------------------
Running main() from /home/boris/Escritorio/parametrizada/build/_deps/googletest-src/googletest/src/gtest_main.cc
Note: Google Test filter = StackTest.StackSize
[==========] Running 1 test from 1 test suite.
[----------] Global test environment set-up.
[----------] 1 test from StackTest
[ RUN      ] StackTest.StackSize
sp :0x55680d559650 : e=0x55680d559650
top: 0x55680d559650 : e= 0x55680d559650
NUm elem: 1
sp :0x55680d559670 : e=0x55680d559670
top: 0x55680d559670 : e= 0x55680d559670
NUm elem: 1
sp :0x55680d559690 : e=0x55680d559690
top: 0x55680d559690 : e= 0x55680d559690
NUm elem: 1
sp :0x55680d5596b0 : e=0x55680d5596b0
top: 0x55680d5596b0 : e= 0x55680d5596b0
NUm elem: 2
sp :0x55680d5596d0 : e=0x55680d5596d0
top: 0x55680d5596d0 : e= 0x55680d5596d0
NUm elem: 2
sp :0x55680d5596f0 : e=0x55680d5596f0
top: 0x55680d5596f0 : e= 0x55680d5596f0
NUm elem: 2
DELETING MY POINTERS
[       OK ] StackTest.StackSize (0 ms)
[----------] 1 test from StackTest (0 ms total)

[----------] Global test environment tear-down
[==========] 1 test from 1 test suite ran. (0 ms total)
[  PASSED  ] 1 test.
<end of output>
Test time =   0.03 sec
----------------------------------------------------------
Test Passed.
"StackTest.StackSize" end time: Oct 29 16:52 -05
"StackTest.StackSize" time elapsed: 00:00:00
----------------------------------------------------------

3/5 Testing: StackTest.StackPop
3/5 Test: StackTest.StackPop
Command: "/home/boris/Escritorio/parametrizada/build/stack_array" "--gtest_filter=StackTest.StackPop" "--gtest_also_run_disabled_tests"
Directory: /home/boris/Escritorio/parametrizada/build
"StackTest.StackPop" start time: Oct 29 16:52 -05
Output:
----------------------------------------------------------
Running main() from /home/boris/Escritorio/parametrizada/build/_deps/googletest-src/googletest/src/gtest_main.cc
Note: Google Test filter = StackTest.StackPop
[==========] Running 1 test from 1 test suite.
[----------] Global test environment set-up.
[----------] 1 test from StackTest
[ RUN      ] StackTest.StackPop
sp :0x562f4fb1d650 : e=0x562f4fb1d650
top: 0x562f4fb1d650 : e= 0x562f4fb1d650
NUm elem: 1
sp :0x562f4fb1d670 : e=0x562f4fb1d670
top: 0x562f4fb1d670 : e= 0x562f4fb1d670
NUm elem: 1
sp :0x562f4fb1d690 : e=0x562f4fb1d690
top: 0x562f4fb1d690 : e= 0x562f4fb1d690
NUm elem: 1
sp :0x562f4fb1d6b0 : e=0x562f4fb1d6b0
top: 0x562f4fb1d6b0 : e= 0x562f4fb1d6b0
NUm elem: 1
sp :0x562f4fb1d6d0 : e=0x562f4fb1d6d0
top: 0x562f4fb1d6d0 : e= 0x562f4fb1d6d0
NUm elem: 2
DELETING MY POINTERS
[       OK ] StackTest.StackPop (0 ms)
[----------] 1 test from StackTest (0 ms total)

[----------] Global test environment tear-down
[==========] 1 test from 1 test suite ran. (17 ms total)
[  PASSED  ] 1 test.
<end of output>
Test time =   0.02 sec
----------------------------------------------------------
Test Passed.
"StackTest.StackPop" end time: Oct 29 16:52 -05
"StackTest.StackPop" time elapsed: 00:00:00
----------------------------------------------------------

4/5 Testing: StackTest.StackTopNewStack
4/5 Test: StackTest.StackTopNewStack
Command: "/home/boris/Escritorio/parametrizada/build/stack_array" "--gtest_filter=StackTest.StackTopNewStack" "--gtest_also_run_disabled_tests"
Directory: /home/boris/Escritorio/parametrizada/build
"StackTest.StackTopNewStack" start time: Oct 29 16:52 -05
Output:
----------------------------------------------------------
Running main() from /home/boris/Escritorio/parametrizada/build/_deps/googletest-src/googletest/src/gtest_main.cc
Note: Google Test filter = StackTest.StackTopNewStack
[==========] Running 1 test from 1 test suite.
[----------] Global test environment set-up.
[----------] 1 test from StackTest
[ RUN      ] StackTest.StackTopNewStack
stack_array: /home/boris/Escritorio/parametrizada/StackArray.cc:61: T StackArray<T>::top() [with T = Persona*]: Assertion `!empty()' failed.
<end of output>
Test time =   0.48 sec
----------------------------------------------------------
Test Failed.
"StackTest.StackTopNewStack" end time: Oct 29 16:52 -05
"StackTest.StackTopNewStack" time elapsed: 00:00:00
----------------------------------------------------------

5/5 Testing: StackTest.StackTopStack
5/5 Test: StackTest.StackTopStack
Command: "/home/boris/Escritorio/parametrizada/build/stack_array" "--gtest_filter=StackTest.StackTopStack" "--gtest_also_run_disabled_tests"
Directory: /home/boris/Escritorio/parametrizada/build
"StackTest.StackTopStack" start time: Oct 29 16:52 -05
Output:
----------------------------------------------------------
Running main() from /home/boris/Escritorio/parametrizada/build/_deps/googletest-src/googletest/src/gtest_main.cc
Note: Google Test filter = StackTest.StackTopStack
[==========] Running 1 test from 1 test suite.
[----------] Global test environment set-up.
[----------] 1 test from StackTest
[ RUN      ] StackTest.StackTopStack
sp :0x563b27ef4600 : e=0x563b27ef4600
top: 0x563b27ef4600 : e= 0x563b27ef4600
NUm elem: 1
sp :0x563b27ef4620 : e=0x563b27ef4620
top: 0x563b27ef4620 : e= 0x563b27ef4620
NUm elem: 1
sp :0x563b27ef4640 : e=0x563b27ef4640
top: 0x563b27ef4640 : e= 0x563b27ef4640
NUm elem: 1
sp :0x563b27ef4660 : e=0x563b27ef4660
top: 0x563b27ef4660 : e= 0x563b27ef4660
NUm elem: 2
DELETING MY POINTERS
[       OK ] StackTest.StackTopStack (0 ms)
[----------] 1 test from StackTest (0 ms total)

[----------] Global test environment tear-down
[==========] 1 test from 1 test suite ran. (0 ms total)
[  PASSED  ] 1 test.
<end of output>
Test time =   0.01 sec
----------------------------------------------------------
Test Passed.
"StackTest.StackTopStack" end time: Oct 29 16:52 -05
"StackTest.StackTopStack" time elapsed: 00:00:00
----------------------------------------------------------

End testing: Oct 29 16:52 -05
