Start testing: Oct 29 16:41 -05
----------------------------------------------------------
1/5 Testing: StackTest.StackEmpty
1/5 Test: StackTest.StackEmpty
Command: "/home/boris/Escritorio/parametrizada/build/stack_array" "--gtest_filter=StackTest.StackEmpty" "--gtest_also_run_disabled_tests"
Directory: /home/boris/Escritorio/parametrizada/build
"StackTest.StackEmpty" start time: Oct 29 16:41 -05
Output:
----------------------------------------------------------
Running main() from /home/boris/Escritorio/parametrizada/build/_deps/googletest-src/googletest/src/gtest_main.cc
Note: Google Test filter = StackTest.StackEmpty
[==========] Running 1 test from 1 test suite.
[----------] Global test environment set-up.
[----------] 1 test from StackTest
[ RUN      ] StackTest.StackEmpty
sp :0x5583ccd18650 : e=0x5583ccd18650
top: 0x5583ccd18650 : e= 0x5583ccd18650
NUm elem: 1
sp :0x5583ccd18670 : e=0x5583ccd18670
top: 0x5583ccd18670 : e= 0x5583ccd18670
NUm elem: 1
sp :0x5583ccd18690 : e=0x5583ccd18690
top: 0x5583ccd18690 : e= 0x5583ccd18690
NUm elem: 1
[       OK ] StackTest.StackEmpty (0 ms)
[----------] 1 test from StackTest (0 ms total)

[----------] Global test environment tear-down
[==========] 1 test from 1 test suite ran. (12 ms total)
[  PASSED  ] 1 test.
<end of output>
Test time =   0.02 sec
----------------------------------------------------------
Test Passed.
"StackTest.StackEmpty" end time: Oct 29 16:41 -05
"StackTest.StackEmpty" time elapsed: 00:00:00
----------------------------------------------------------

2/5 Testing: StackTest.StackSize
2/5 Test: StackTest.StackSize
Command: "/home/boris/Escritorio/parametrizada/build/stack_array" "--gtest_filter=StackTest.StackSize" "--gtest_also_run_disabled_tests"
Directory: /home/boris/Escritorio/parametrizada/build
"StackTest.StackSize" start time: Oct 29 16:41 -05
Output:
----------------------------------------------------------
Running main() from /home/boris/Escritorio/parametrizada/build/_deps/googletest-src/googletest/src/gtest_main.cc
Note: Google Test filter = StackTest.StackSize
[==========] Running 1 test from 1 test suite.
[----------] Global test environment set-up.
[----------] 1 test from StackTest
[ RUN      ] StackTest.StackSize
sp :0x55d259304650 : e=0x55d259304650
top: 0x55d259304650 : e= 0x55d259304650
NUm elem: 1
sp :0x55d259304670 : e=0x55d259304670
top: 0x55d259304670 : e= 0x55d259304670
NUm elem: 1
sp :0x55d259304690 : e=0x55d259304690
top: 0x55d259304690 : e= 0x55d259304690
NUm elem: 1
sp :0x55d2593046b0 : e=0x55d2593046b0
top: 0x55d2593046b0 : e= 0x55d2593046b0
NUm elem: 2
sp :0x55d2593046d0 : e=0x55d2593046d0
top: 0x55d2593046d0 : e= 0x55d2593046d0
NUm elem: 2
sp :0x55d2593046f0 : e=0x55d2593046f0
top: 0x55d2593046f0 : e= 0x55d2593046f0
NUm elem: 2
[       OK ] StackTest.StackSize (0 ms)
[----------] 1 test from StackTest (0 ms total)

[----------] Global test environment tear-down
[==========] 1 test from 1 test suite ran. (7 ms total)
[  PASSED  ] 1 test.
<end of output>
Test time =   0.03 sec
----------------------------------------------------------
Test Passed.
"StackTest.StackSize" end time: Oct 29 16:41 -05
"StackTest.StackSize" time elapsed: 00:00:00
----------------------------------------------------------

3/5 Testing: StackTest.StackPop
3/5 Test: StackTest.StackPop
Command: "/home/boris/Escritorio/parametrizada/build/stack_array" "--gtest_filter=StackTest.StackPop" "--gtest_also_run_disabled_tests"
Directory: /home/boris/Escritorio/parametrizada/build
"StackTest.StackPop" start time: Oct 29 16:41 -05
Output:
----------------------------------------------------------
Running main() from /home/boris/Escritorio/parametrizada/build/_deps/googletest-src/googletest/src/gtest_main.cc
Note: Google Test filter = StackTest.StackPop
[==========] Running 1 test from 1 test suite.
[----------] Global test environment set-up.
[----------] 1 test from StackTest
[ RUN      ] StackTest.StackPop
sp :0x55b859644650 : e=0x55b859644650
top: 0x55b859644650 : e= 0x55b859644650
NUm elem: 1
sp :0x55b859644670 : e=0x55b859644670
top: 0x55b859644670 : e= 0x55b859644670
NUm elem: 1
sp :0x55b859644690 : e=0x55b859644690
top: 0x55b859644690 : e= 0x55b859644690
NUm elem: 1
sp :0x55b8596446b0 : e=0x55b8596446b0
top: 0x55b8596446b0 : e= 0x55b8596446b0
NUm elem: 1
sp :0x55b8596446d0 : e=0x55b8596446d0
top: 0x55b8596446d0 : e= 0x55b8596446d0
NUm elem: 2
[       OK ] StackTest.StackPop (0 ms)
[----------] 1 test from StackTest (0 ms total)

[----------] Global test environment tear-down
[==========] 1 test from 1 test suite ran. (7 ms total)
[  PASSED  ] 1 test.
<end of output>
Test time =   0.01 sec
----------------------------------------------------------
Test Passed.
"StackTest.StackPop" end time: Oct 29 16:41 -05
"StackTest.StackPop" time elapsed: 00:00:00
----------------------------------------------------------

4/5 Testing: StackTest.StackTopNewStack
4/5 Test: StackTest.StackTopNewStack
Command: "/home/boris/Escritorio/parametrizada/build/stack_array" "--gtest_filter=StackTest.StackTopNewStack" "--gtest_also_run_disabled_tests"
Directory: /home/boris/Escritorio/parametrizada/build
"StackTest.StackTopNewStack" start time: Oct 29 16:41 -05
Output:
----------------------------------------------------------
Running main() from /home/boris/Escritorio/parametrizada/build/_deps/googletest-src/googletest/src/gtest_main.cc
Note: Google Test filter = StackTest.StackTopNewStack
[==========] Running 1 test from 1 test suite.
[----------] Global test environment set-up.
[----------] 1 test from StackTest
[ RUN      ] StackTest.StackTopNewStack
stack_array: /home/boris/Escritorio/parametrizada/StackArray.cc:61: T StackArray<T>::top() [with T = Persona*]: Assertion `!empty()' failed.
<end of output>
Test time =   0.39 sec
----------------------------------------------------------
Test Failed.
"StackTest.StackTopNewStack" end time: Oct 29 16:41 -05
"StackTest.StackTopNewStack" time elapsed: 00:00:00
----------------------------------------------------------

5/5 Testing: StackTest.StackTopStack
5/5 Test: StackTest.StackTopStack
Command: "/home/boris/Escritorio/parametrizada/build/stack_array" "--gtest_filter=StackTest.StackTopStack" "--gtest_also_run_disabled_tests"
Directory: /home/boris/Escritorio/parametrizada/build
"StackTest.StackTopStack" start time: Oct 29 16:41 -05
Output:
----------------------------------------------------------
Running main() from /home/boris/Escritorio/parametrizada/build/_deps/googletest-src/googletest/src/gtest_main.cc
Note: Google Test filter = StackTest.StackTopStack
[==========] Running 1 test from 1 test suite.
[----------] Global test environment set-up.
[----------] 1 test from StackTest
[ RUN      ] StackTest.StackTopStack
sp :0x564e96f98600 : e=0x564e96f98600
top: 0x564e96f98600 : e= 0x564e96f98600
NUm elem: 1
sp :0x564e96f98620 : e=0x564e96f98620
top: 0x564e96f98620 : e= 0x564e96f98620
NUm elem: 1
sp :0x564e96f98640 : e=0x564e96f98640
top: 0x564e96f98640 : e= 0x564e96f98640
NUm elem: 1
sp :0x564e96f98660 : e=0x564e96f98660
top: 0x564e96f98660 : e= 0x564e96f98660
NUm elem: 2
[       OK ] StackTest.StackTopStack (0 ms)
[----------] 1 test from StackTest (0 ms total)

[----------] Global test environment tear-down
[==========] 1 test from 1 test suite ran. (0 ms total)
[  PASSED  ] 1 test.
<end of output>
Test time =   0.01 sec
----------------------------------------------------------
Test Passed.
"StackTest.StackTopStack" end time: Oct 29 16:41 -05
"StackTest.StackTopStack" time elapsed: 00:00:00
----------------------------------------------------------

End testing: Oct 29 16:41 -05
